#
# A fatal error has been detected by the Java Runtime Environment:
#
#  EXCEPTION_ACCESS_VIOLATION (0xc0000005) at pc=0x00007ff928c5655f, pid=10896, tid=0x0000000000002be8
#
# JRE version: Java(TM) SE Runtime Environment (8.0_162-b12) (build 1.8.0_162-b12)
# Java VM: Java HotSpot(TM) 64-Bit Server VM (25.162-b12 mixed mode windows-amd64 compressed oops)
# Problematic frame:
# C  [ig9icd64.dll+0x1655f]
#
# Failed to write core dump. Minidumps are not enabled by default on client versions of Windows
#
# If you would like to submit a bug report, please visit:
#   http://bugreport.java.com/bugreport/crash.jsp
# The crash happened outside the Java Virtual Machine in native code.
# See problematic frame for where to report the bug.
#

---------------  T H R E A D  ---------------

Current thread (0x0000000002614000):  JavaThread "main" [_thread_in_native, id=11240, stack(0x00000000024f0000,0x00000000025f0000)]

siginfo: ExceptionCode=0xc0000005, writing address 0x0000000000000000

Registers:
RAX=0xffffffffffffa700, RBX=0x0000000000000000, RCX=0x0000000000000080, RDX=0x0000000065640110
RSP=0x00000000025ee7b0, RBP=0x00000000025ee920, RSI=0x0000000000000000, RDI=0x0000000000005940
R8 =0x0000000000000040, R9 =0x00000000000000b2, R10=0x0000000000000001, R11=0x0000000000000000
R12=0x00000000009067c0, R13=0x0000000000000000, R14=0x0000000000005940, R15=0x000000006474f6e0
RIP=0x00007ff928c5655f, EFLAGS=0x0000000000010203

Top of Stack: (sp=0x00000000025ee7b0)
0x00000000025ee7b0:   0000000041800000 0000000000000000
0x00000000025ee7c0:   0000000040c00000 0000000000000000
0x00000000025ee7d0:   0000000000000000 00007ff928e4bda8
0x00000000025ee7e0:   0000000064667470 000000076d0eb850
0x00000000025ee7f0:   0000000002614000 0000000000840000
0x00000000025ee800:   00000000025ee8b0 0000000002b1304c
0x00000000025ee810:   00000000025ee878 00000000027a80e0
0x00000000025ee820:   00000000027a80e0 000000076d0eb850
0x00000000025ee830:   000000076d494570 00000000025ee838
0x00000000025ee840:   000000001b7ba2d2 00000000025ee890
0x00000000025ee850:   000000001b87d610 0000000000000000
0x00000000025ee860:   00000000025eeb88 0000000002c37cf4
0x00000000025ee870:   00000000025ee8a0 00000000025ee948
0x00000000025ee880:   0000000002af941c 000000076d0eb850
0x00000000025ee890:   000000076d494570 0000000002af941c
0x00000000025ee8a0:   00000007c00d3d10 0000594000000000 

Instructions: (pc=0x00007ff928c5655f)
0x00007ff928c5653f:   83 ea 80 48 83 e9 80 66 0f 6f 6a b0 66 0f 6f 62
0x00007ff928c5654f:   c0 66 0f 6f 5a d0 66 0f 6f 52 e0 66 0f 6f 4a f0
0x00007ff928c5655f:   66 0f 7f 41 80 66 0f 7f 79 90 66 0f 7f 71 a0 66
0x00007ff928c5656f:   0f 7f 69 b0 66 0f 7f 61 c0 66 0f 7f 59 d0 66 0f 


Register to memory mapping:

RAX=0xffffffffffffa700 is an unknown value
RBX=0x0000000000000000 is an unknown value
RCX=0x0000000000000080 is an unknown value
RDX=0x0000000065640110 is an unknown value
RSP=0x00000000025ee7b0 is pointing into the stack for thread: 0x0000000002614000
RBP=0x00000000025ee920 is pointing into the stack for thread: 0x0000000002614000
RSI=0x0000000000000000 is an unknown value
RDI=0x0000000000005940 is an unknown value
R8 =0x0000000000000040 is an unknown value
R9 =0x00000000000000b2 is an unknown value
R10=0x0000000000000001 is an unknown value
R11=0x0000000000000000 is an unknown value
R12=0x00000000009067c0 is an unknown value
R13=0x0000000000000000 is an unknown value
R14=0x0000000000005940 is an unknown value
R15=0x000000006474f6e0 is an unknown value


Stack: [0x00000000024f0000,0x00000000025f0000],  sp=0x00000000025ee7b0,  free space=1017k
Native frames: (J=compiled Java code, j=interpreted, Vv=VM code, C=native code)
C  [ig9icd64.dll+0x1655f]
C  [ig9icd64.dll+0x20bda8]
C  [ig9icd64.dll+0xdbca6]
C  [ig9icd64.dll+0x8faad]
C  [ig9icd64.dll+0x90f9e]
C  0x0000000002df0114

Java frames: (J=compiled Java code, j=interpreted, Vv=VM code)
J 1841  org.lwjgl.opengl.GL15.nglBufferSubData(IJJJ)V (0 bytes) @ 0x0000000002df008e [0x0000000002df0040+0x4e]
J 2830 C2 de.ellpeck.rockbottom.m.end()V (53 bytes) @ 0x000000000294e1ec [0x000000000294df40+0x2ac]
j  de.ellpeck.rockbottom.init.RockBottom.e()V+1734
j  de.ellpeck.rockbottom.aI.a(Lde/ellpeck/rockbottom/aI;)V+175
j  de.ellpeck.rockbottom.init.RockBottom.startGame()V+7
v  ~StubRoutines::call_stub
j  sun.reflect.NativeMethodAccessorImpl.invoke0(Ljava/lang/reflect/Method;Ljava/lang/Object;[Ljava/lang/Object;)Ljava/lang/Object;+0
j  sun.reflect.NativeMethodAccessorImpl.invoke(Ljava/lang/Object;[Ljava/lang/Object;)Ljava/lang/Object;+100
j  sun.reflect.DelegatingMethodAccessorImpl.invoke(Ljava/lang/Object;[Ljava/lang/Object;)Ljava/lang/Object;+6
j  java.lang.reflect.Method.invoke(Ljava/lang/Object;[Ljava/lang/Object;)Ljava/lang/Object;+56
j  de.ellpeck.rockbottom.Main.main([Ljava/lang/String;)V+755
v  ~StubRoutines::call_stub

---------------  P R O C E S S  ---------------

Java Threads: ( => current thread )
  0x000000001e056000 JavaThread "Service Thread" daemon [_thread_blocked, id=13144, stack(0x000000001ec00000,0x000000001ed00000)]
  0x000000001e04d000 JavaThread "C1 CompilerThread3" daemon [_thread_blocked, id=8144, stack(0x000000001eb00000,0x000000001ec00000)]
  0x000000001e048800 JavaThread "C2 CompilerThread2" daemon [_thread_blocked, id=15300, stack(0x000000001ea00000,0x000000001eb00000)]
  0x000000001e047800 JavaThread "C2 CompilerThread1" daemon [_thread_blocked, id=8076, stack(0x000000001e900000,0x000000001ea00000)]
  0x000000001e044000 JavaThread "C2 CompilerThread0" daemon [_thread_blocked, id=13964, stack(0x000000001e800000,0x000000001e900000)]
  0x000000001e042000 JavaThread "Attach Listener" daemon [_thread_blocked, id=10056, stack(0x000000001e700000,0x000000001e800000)]
  0x000000001e041000 JavaThread "Signal Dispatcher" daemon [_thread_blocked, id=12372, stack(0x000000001e600000,0x000000001e700000)]
  0x000000001e030800 JavaThread "Finalizer" daemon [_thread_blocked, id=14960, stack(0x000000001e410000,0x000000001e510000)]
  0x000000000270b000 JavaThread "Reference Handler" daemon [_thread_blocked, id=14920, stack(0x000000001df10000,0x000000001e010000)]
=>0x0000000002614000 JavaThread "main" [_thread_in_native, id=11240, stack(0x00000000024f0000,0x00000000025f0000)]

Other Threads:
  0x000000001c129000 VMThread [stack: 0x000000001de10000,0x000000001df10000] [id=13672]
  0x000000001e0f0000 WatcherThread [stack: 0x000000001ed00000,0x000000001ee00000] [id=10436]

VM state:not at safepoint (normal execution)

VM Mutex/Monitor currently owned by a thread: None

Heap:
 PSYoungGen      total 49664K, used 28564K [0x000000076b900000, 0x0000000772d00000, 0x00000007c0000000)
  eden space 49152K, 58% used [0x000000076b900000,0x000000076d4dd158,0x000000076e900000)
  from space 512K, 6% used [0x0000000772c80000,0x0000000772c88000,0x0000000772d00000)
  to   space 512K, 0% used [0x0000000772c00000,0x0000000772c00000,0x0000000772c80000)
 ParOldGen       total 173568K, used 10909K [0x00000006c2a00000, 0x00000006cd380000, 0x000000076b900000)
  object space 173568K, 6% used [0x00000006c2a00000,0x00000006c34a7748,0x00000006cd380000)
 Metaspace       used 19545K, capacity 20095K, committed 20352K, reserved 1067008K
  class space    used 1948K, capacity 2112K, committed 2176K, reserved 1048576K

Card table byte_map: [0x0000000011b60000,0x0000000012350000] byte_map_base: 0x000000000e54b000

Marking Bits: (ParMarkBitMap*) 0x0000000065380860
 Begin Bits: [0x00000000130a0000, 0x0000000016ff8000)
 End Bits:   [0x0000000016ff8000, 0x000000001af50000)

Polling page: 0x0000000000db0000

CodeCache: size=245760Kb used=9669Kb max_used=11113Kb free=236090Kb
 bounds [0x00000000027a0000, 0x00000000032c0000, 0x00000000117a0000]
 total_blobs=3541 nmethods=2485 adapters=968
 compilation: enabled

Compilation events (10 events):
Event: 82.799 Thread 0x000000001e04d000 3045       3       de.ellpeck.rockbottom.api.data.set.part.DataPart::<init> (10 bytes)
Event: 82.799 Thread 0x000000001e04d000 nmethod 3045 0x0000000002fd1690 code [0x0000000002fd17e0, 0x0000000002fd19b0]
Event: 82.830 Thread 0x000000001e047800 3046       4       java.io.DataOutputStream::writeByte (14 bytes)
Event: 82.833 Thread 0x000000001e047800 nmethod 3046 0x0000000002af9f90 code [0x0000000002afa100, 0x0000000002afa4e8]
Event: 82.848 Thread 0x000000001e04d000 3047       3       java.io.DataOutputStream::writeChar (35 bytes)
Event: 82.849 Thread 0x000000001e04d000 nmethod 3047 0x00000000030666d0 code [0x0000000003066860, 0x0000000003066c18]
Event: 82.850 Thread 0x000000001e04d000 3049       3       java.io.FileOutputStream::write (12 bytes)
Event: 82.850 Thread 0x000000001e04d000 nmethod 3049 0x0000000002d53f10 code [0x0000000002d54080, 0x0000000002d54208]
Event: 82.880 Thread 0x000000001e04d000 3050       3       sun.nio.cs.StreamEncoder::implFlushBuffer (15 bytes)
Event: 82.880 Thread 0x000000001e04d000 nmethod 3050 0x0000000002ea1b90 code [0x0000000002ea1d00, 0x0000000002ea1f68]

GC Heap History (10 events):
Event: 65.697 GC heap before
{Heap before GC invocations=74 (full 0):
 PSYoungGen      total 35840K, used 35360K [0x000000076b900000, 0x0000000772d00000, 0x00000007c0000000)
  eden space 35328K, 100% used [0x000000076b900000,0x000000076db80000,0x000000076db80000)
  from space 512K, 6% used [0x0000000772c00000,0x0000000772c08000,0x0000000772c80000)
  to   space 512K, 0% used [0x0000000772c80000,0x0000000772c80000,0x0000000772d00000)
 ParOldGen       total 173568K, used 10885K [0x00000006c2a00000, 0x00000006cd380000, 0x000000076b900000)
  object space 173568K, 6% used [0x00000006c2a00000,0x00000006c34a1748,0x00000006cd380000)
 Metaspace       used 19524K, capacity 20031K, committed 20096K, reserved 1067008K
  class space    used 1948K, capacity 2112K, committed 2176K, reserved 1048576K
Event: 65.698 GC heap after
Heap after GC invocations=74 (full 0):
 PSYoungGen      total 35328K, used 32K [0x000000076b900000, 0x0000000772d00000, 0x00000007c0000000)
  eden space 34816K, 0% used [0x000000076b900000,0x000000076b900000,0x000000076db00000)
  from space 512K, 6% used [0x0000000772c80000,0x0000000772c88000,0x0000000772d00000)
  to   space 512K, 0% used [0x0000000772c00000,0x0000000772c00000,0x0000000772c80000)
 ParOldGen       total 173568K, used 10885K [0x00000006c2a00000, 0x00000006cd380000, 0x000000076b900000)
  object space 173568K, 6% used [0x00000006c2a00000,0x00000006c34a1748,0x00000006cd380000)
 Metaspace       used 19524K, capacity 20031K, committed 20096K, reserved 1067008K
  class space    used 1948K, capacity 2112K, committed 2176K, reserved 1048576K
}
Event: 82.550 GC heap before
{Heap before GC invocations=75 (full 0):
 PSYoungGen      total 35328K, used 34848K [0x000000076b900000, 0x0000000772d00000, 0x00000007c0000000)
  eden space 34816K, 100% used [0x000000076b900000,0x000000076db00000,0x000000076db00000)
  from space 512K, 6% used [0x0000000772c80000,0x0000000772c88000,0x0000000772d00000)
  to   space 512K, 0% used [0x0000000772c00000,0x0000000772c00000,0x0000000772c80000)
 ParOldGen       total 173568K, used 10885K [0x00000006c2a00000, 0x00000006cd380000, 0x000000076b900000)
  object space 173568K, 6% used [0x00000006c2a00000,0x00000006c34a1748,0x00000006cd380000)
 Metaspace       used 19524K, capacity 20031K, committed 20096K, reserved 1067008K
  class space    used 1948K, capacity 2112K, committed 2176K, reserved 1048576K
Event: 82.551 GC heap after
Heap after GC invocations=75 (full 0):
 PSYoungGen      total 34816K, used 128K [0x000000076b900000, 0x0000000772d00000, 0x00000007c0000000)
  eden space 34304K, 0% used [0x000000076b900000,0x000000076b900000,0x000000076da80000)
  from space 512K, 25% used [0x0000000772c00000,0x0000000772c20000,0x0000000772c80000)
  to   space 512K, 0% used [0x0000000772c80000,0x0000000772c80000,0x0000000772d00000)
 ParOldGen       total 173568K, used 10885K [0x00000006c2a00000, 0x00000006cd380000, 0x000000076b900000)
  object space 173568K, 6% used [0x00000006c2a00000,0x00000006c34a1748,0x00000006cd380000)
 Metaspace       used 19524K, capacity 20031K, committed 20096K, reserved 1067008K
  class space    used 1948K, capacity 2112K, committed 2176K, reserved 1048576K
}
Event: 82.585 GC heap before
{Heap before GC invocations=76 (full 0):
 PSYoungGen      total 34816K, used 34432K [0x000000076b900000, 0x0000000772d00000, 0x00000007c0000000)
  eden space 34304K, 100% used [0x000000076b900000,0x000000076da80000,0x000000076da80000)
  from space 512K, 25% used [0x0000000772c00000,0x0000000772c20000,0x0000000772c80000)
  to   space 512K, 0% used [0x0000000772c80000,0x0000000772c80000,0x0000000772d00000)
 ParOldGen       total 173568K, used 10885K [0x00000006c2a00000, 0x00000006cd380000, 0x000000076b900000)
  object space 173568K, 6% used [0x00000006c2a00000,0x00000006c34a1748,0x00000006cd380000)
 Metaspace       used 19525K, capacity 20031K, committed 20096K, reserved 1067008K
  class space    used 1948K, capacity 2112K, committed 2176K, reserved 1048576K
Event: 82.586 GC heap after
Heap after GC invocations=76 (full 0):
 PSYoungGen      total 34304K, used 32K [0x000000076b900000, 0x0000000772d00000, 0x00000007c0000000)
  eden space 33792K, 0% used [0x000000076b900000,0x000000076b900000,0x000000076da00000)
  from space 512K, 6% used [0x0000000772c80000,0x0000000772c88000,0x0000000772d00000)
  to   space 512K, 0% used [0x0000000772c00000,0x0000000772c00000,0x0000000772c80000)
 ParOldGen       total 173568K, used 10909K [0x00000006c2a00000, 0x00000006cd380000, 0x000000076b900000)
  object space 173568K, 6% used [0x00000006c2a00000,0x00000006c34a7748,0x00000006cd380000)
 Metaspace       used 19525K, capacity 20031K, committed 20096K, reserved 1067008K
  class space    used 1948K, capacity 2112K, committed 2176K, reserved 1048576K
}
Event: 82.616 GC heap before
{Heap before GC invocations=77 (full 0):
 PSYoungGen      total 34304K, used 33824K [0x000000076b900000, 0x0000000772d00000, 0x00000007c0000000)
  eden space 33792K, 100% used [0x000000076b900000,0x000000076da00000,0x000000076da00000)
  from space 512K, 6% used [0x0000000772c80000,0x0000000772c88000,0x0000000772d00000)
  to   space 512K, 0% used [0x0000000772c00000,0x0000000772c00000,0x0000000772c80000)
 ParOldGen       total 173568K, used 10909K [0x00000006c2a00000, 0x00000006cd380000, 0x000000076b900000)
  object space 173568K, 6% used [0x00000006c2a00000,0x00000006c34a7748,0x00000006cd380000)
 Metaspace       used 19525K, capacity 20031K, committed 20096K, reserved 1067008K
  class space    used 1948K, capacity 2112K, committed 2176K, reserved 1048576K
Event: 82.616 GC heap after
Heap after GC invocations=77 (full 0):
 PSYoungGen      total 41472K, used 32K [0x000000076b900000, 0x0000000772d00000, 0x00000007c0000000)
  eden space 40960K, 0% used [0x000000076b900000,0x000000076b900000,0x000000076e100000)
  from space 512K, 6% used [0x0000000772c00000,0x0000000772c08000,0x0000000772c80000)
  to   space 512K, 0% used [0x0000000772c80000,0x0000000772c80000,0x0000000772d00000)
 ParOldGen       total 173568K, used 10909K [0x00000006c2a00000, 0x00000006cd380000, 0x000000076b900000)
  object space 173568K, 6% used [0x00000006c2a00000,0x00000006c34a7748,0x00000006cd380000)
 Metaspace       used 19525K, capacity 20031K, committed 20096K, reserved 1067008K
  class space    used 1948K, capacity 2112K, committed 2176K, reserved 1048576K
}
Event: 82.658 GC heap before
{Heap before GC invocations=78 (full 0):
 PSYoungGen      total 41472K, used 40992K [0x000000076b900000, 0x0000000772d00000, 0x00000007c0000000)
  eden space 40960K, 100% used [0x000000076b900000,0x000000076e100000,0x000000076e100000)
  from space 512K, 6% used [0x0000000772c00000,0x0000000772c08000,0x0000000772c80000)
  to   space 512K, 0% used [0x0000000772c80000,0x0000000772c80000,0x0000000772d00000)
 ParOldGen       total 173568K, used 10909K [0x00000006c2a00000, 0x00000006cd380000, 0x000000076b900000)
  object space 173568K, 6% used [0x00000006c2a00000,0x00000006c34a7748,0x00000006cd380000)
 Metaspace       used 19525K, capacity 20031K, committed 20096K, reserved 1067008K
  class space    used 1948K, capacity 2112K, committed 2176K, reserved 1048576K
Event: 82.659 GC heap after
Heap after GC invocations=78 (full 0):
 PSYoungGen      total 49664K, used 32K [0x000000076b900000, 0x0000000772d00000, 0x00000007c0000000)
  eden space 49152K, 0% used [0x000000076b900000,0x000000076b900000,0x000000076e900000)
  from space 512K, 6% used [0x0000000772c80000,0x0000000772c88000,0x0000000772d00000)
  to   space 512K, 0% used [0x0000000772c00000,0x0000000772c00000,0x0000000772c80000)
 ParOldGen       total 173568K, used 10909K [0x00000006c2a00000, 0x00000006cd380000, 0x000000076b900000)
  object space 173568K, 6% used [0x00000006c2a00000,0x00000006c34a7748,0x00000006cd380000)
 Metaspace       used 19525K, capacity 20031K, committed 20096K, reserved 1067008K
  class space    used 1948K, capacity 2112K, committed 2176K, reserved 1048576K
}

Deoptimization events (10 events):
Event: 54.441 Thread 0x0000000002614000 Uncommon trap: reason=unstable_if action=reinterpret pc=0x00000000030b22e8 method=de.ellpeck.rockbottom.m.addTexturedRegion(Lde/ellpeck/rockbottom/api/assets/texture/ITexture;FFFFFFFFFFFF[II)V @ 89
Event: 54.448 Thread 0x0000000002614000 Uncommon trap: reason=unstable_if action=reinterpret pc=0x00000000030bcbb4 method=de.ellpeck.rockbottom.m.addTexturedRegion(Lde/ellpeck/rockbottom/api/assets/texture/ITexture;FFFFFFFFFFFF[II)V @ 89
Event: 82.690 Thread 0x0000000002614000 Uncommon trap: reason=unstable_if action=reinterpret pc=0x000000000308e218 method=com.google.common.collect.HashBiMap.inverse()Lcom/google/common/collect/BiMap; @ 6
Event: 82.855 Thread 0x0000000002614000 Uncommon trap: reason=unstable_if action=reinterpret pc=0x0000000002f9a0c0 method=java.lang.Long.stringSize(J)I @ 17
Event: 82.874 Thread 0x0000000002614000 Uncommon trap: reason=unstable_if action=reinterpret pc=0x0000000003297914 method=de.ellpeck.rockbottom.ce.a(Lde/ellpeck/rockbottom/api/IGameInstance;Lde/ellpeck/rockbottom/api/assets/IAssetManager;Lde/ellpeck/rockbottom/ca;Lde/ellpeck/rockbottom/api/IRen
Event: 82.878 Thread 0x0000000002614000 Uncommon trap: reason=unstable_if action=reinterpret pc=0x0000000002f8f0a8 method=de.ellpeck.rockbottom.init.RockBottom.e()V @ 185
Event: 82.880 Thread 0x0000000002614000 Uncommon trap: reason=unstable_if action=reinterpret pc=0x0000000002faa418 method=de.ellpeck.rockbottom.api.assets.Locale.localize(Lde/ellpeck/rockbottom/api/assets/Locale;Lde/ellpeck/rockbottom/api/util/reg/IResourceName;[Ljava/lang/Object;)Ljava/lang/St
Event: 82.880 Thread 0x0000000002614000 Uncommon trap: reason=unstable_if action=reinterpret pc=0x0000000002c6a5d8 method=java.util.regex.Matcher.reset()Ljava/util/regex/Matcher; @ 47
Event: 82.880 Thread 0x0000000002614000 Uncommon trap: reason=unstable_if action=reinterpret pc=0x0000000002faa418 method=de.ellpeck.rockbottom.api.assets.Locale.localize(Lde/ellpeck/rockbottom/api/assets/Locale;Lde/ellpeck/rockbottom/api/util/reg/IResourceName;[Ljava/lang/Object;)Ljava/lang/St
Event: 82.881 Thread 0x0000000002614000 Uncommon trap: reason=unstable_if action=reinterpret pc=0x0000000002ee625c method=de.ellpeck.rockbottom.api.assets.font.FormattingCode.getFormat(Ljava/lang/String;I)Lde/ellpeck/rockbottom/api/assets/font/FormattingCode; @ 17

Classes redefined (0 events):
No events

Internal exceptions (10 events):
Event: 0.569 Thread 0x0000000002614000 Exception <a 'sun/nio/fs/WindowsException'> (0x000000076c452908) thrown at [C:\re\workspace\8-2-build-windows-amd64-cygwin\jdk8u162\10278\hotspot\src\share\vm\prims\jni.cpp, line 709]
Event: 0.569 Thread 0x0000000002614000 Exception <a 'sun/nio/fs/WindowsException'> (0x000000076c453118) thrown at [C:\re\workspace\8-2-build-windows-amd64-cygwin\jdk8u162\10278\hotspot\src\share\vm\prims\jni.cpp, line 709]
Event: 1.174 Thread 0x0000000002614000 Exception <a 'java/lang/IncompatibleClassChangeError': Found class java.lang.Object, but interface was expected> (0x000000076d30fcc0) thrown at [C:\re\workspace\8-2-build-windows-amd64-cygwin\jdk8u162\10278\hotspot\src\share\vm\interpreter\linkResolver.cp
Event: 1.175 Thread 0x0000000002614000 Exception <a 'java/lang/NoSuchMethodError': java.lang.Object.lambda$comparingInt$7b0bb60$1(Ljava/util/function/ToIntFunction;Ljava/lang/Object;Ljava/lang/Object;)I> (0x000000076d31ca60) thrown at [C:\re\workspace\8-2-build-windows-amd64-cygwin\jdk8u162\10
Event: 1.585 Thread 0x0000000002614000 Exception <a 'java/lang/IncompatibleClassChangeError': Found class java.lang.Object, but interface was expected> (0x000000076c144590) thrown at [C:\re\workspace\8-2-build-windows-amd64-cygwin\jdk8u162\10278\hotspot\src\share\vm\interpreter\linkResolver.cp
Event: 1.713 Thread 0x0000000002614000 Exception <a 'java/lang/ArrayIndexOutOfBoundsException'> (0x000000076d46b3d0) thrown at [C:\re\workspace\8-2-build-windows-amd64-cygwin\jdk8u162\10278\hotspot\src\share\vm\runtime\sharedRuntime.cpp, line 605]
Event: 1.783 Thread 0x0000000002614000 Exception <a 'java/lang/NoSuchMethodError': java.lang.Object.lambda$comparing$77a9974f$1(Ljava/util/function/Function;Ljava/lang/Object;Ljava/lang/Object;)I> (0x000000076d7bd960) thrown at [C:\re\workspace\8-2-build-windows-amd64-cygwin\jdk8u162\10278\hot
Event: 11.614 Thread 0x0000000002614000 Implicit null exception at 0x0000000002e72dde to 0x0000000002e73635
Event: 20.394 Thread 0x0000000002614000 Exception <a 'java/lang/NoSuchMethodError': java.lang.Object.lambda$comparingLong$6043328a$1(Ljava/util/function/ToLongFunction;Ljava/lang/Object;Ljava/lang/Object;)I> (0x000000076df75120) thrown at [C:\re\workspace\8-2-build-windows-amd64-cygwin\jdk8u162
Event: 21.925 Thread 0x0000000002614000 Implicit null exception at 0x0000000002fed34b to 0x0000000002fed56d

Events (10 events):
Event: 82.880 Thread 0x0000000002614000 DEOPT UNPACKING pc=0x00000000027e583b sp=0x00000000025eeab0 mode 2
Event: 82.880 Thread 0x0000000002614000 Uncommon trap: trap_request=0xffffff65 fr.pc=0x0000000002c6a5d8
Event: 82.880 Thread 0x0000000002614000 DEOPT PACKING pc=0x0000000002c6a5d8 sp=0x00000000025ee7d0
Event: 82.880 Thread 0x0000000002614000 DEOPT UNPACKING pc=0x00000000027e583b sp=0x00000000025ee780 mode 2
Event: 82.880 Thread 0x0000000002614000 Uncommon trap: trap_request=0xffffff65 fr.pc=0x0000000002faa418
Event: 82.880 Thread 0x0000000002614000 DEOPT PACKING pc=0x0000000002faa418 sp=0x00000000025eeb60
Event: 82.880 Thread 0x0000000002614000 DEOPT UNPACKING pc=0x00000000027e583b sp=0x00000000025eeb60 mode 2
Event: 82.881 Thread 0x0000000002614000 Uncommon trap: trap_request=0xffffff65 fr.pc=0x0000000002ee625c
Event: 82.881 Thread 0x0000000002614000 DEOPT PACKING pc=0x0000000002ee625c sp=0x00000000025eea90
Event: 82.881 Thread 0x0000000002614000 DEOPT UNPACKING pc=0x00000000027e583b sp=0x00000000025eea00 mode 2


Dynamic libraries:
0x00007ff6798d0000 - 0x00007ff679907000 	C:\Program Files\Java\jdk1.8.0_162\bin\java.exe
0x00007ff96f4c0000 - 0x00007ff96f681000 	C:\Windows\SYSTEM32\ntdll.dll
0x00007ff96ce50000 - 0x00007ff96cefd000 	C:\Windows\system32\KERNEL32.DLL
0x00007ff96be50000 - 0x00007ff96c038000 	C:\Windows\system32\KERNELBASE.dll
0x00007ff96d320000 - 0x00007ff96d3c7000 	C:\Windows\system32\ADVAPI32.dll
0x00007ff96d120000 - 0x00007ff96d1bd000 	C:\Windows\system32\msvcrt.dll
0x00007ff96df00000 - 0x00007ff96df5b000 	C:\Windows\system32\sechost.dll
0x00007ff96c8c0000 - 0x00007ff96c9dc000 	C:\Windows\system32\RPCRT4.dll
0x00007ff96d1c0000 - 0x00007ff96d316000 	C:\Windows\system32\USER32.dll
0x00007ff96d630000 - 0x00007ff96d7b7000 	C:\Windows\system32\GDI32.dll
0x00007ff9636d0000 - 0x00007ff963944000 	C:\Windows\WinSxS\amd64_microsoft.windows.common-controls_6595b64144ccf1df_6.0.10586.839_none_a2ddba30a539a2ae\COMCTL32.dll
0x00007ff96cb00000 - 0x00007ff96cd7e000 	C:\Windows\system32\combase.dll
0x00007ff96c830000 - 0x00007ff96c89a000 	C:\Windows\system32\bcryptPrimitives.dll
0x00007ff96d5f0000 - 0x00007ff96d62b000 	C:\Windows\system32\IMM32.DLL
0x0000000065400000 - 0x00000000654d1000 	C:\Program Files\Java\jdk1.8.0_162\jre\bin\msvcr100.dll
0x0000000064b60000 - 0x0000000065400000 	C:\Program Files\Java\jdk1.8.0_162\jre\bin\server\jvm.dll
0x00007ff96d5e0000 - 0x00007ff96d5e8000 	C:\Windows\system32\PSAPI.DLL
0x00007ff9684f0000 - 0x00007ff9684f9000 	C:\Windows\SYSTEM32\WSOCK32.dll
0x00007ff967560000 - 0x00007ff96756a000 	C:\Windows\SYSTEM32\VERSION.dll
0x00007ff96a0e0000 - 0x00007ff96a103000 	C:\Windows\SYSTEM32\WINMM.dll
0x00007ff96d0b0000 - 0x00007ff96d11b000 	C:\Windows\system32\WS2_32.dll
0x00007ff96a080000 - 0x00007ff96a0ac000 	C:\Windows\SYSTEM32\WINMMBASE.dll
0x00007ff96c190000 - 0x00007ff96c1d3000 	C:\Windows\system32\cfgmgr32.dll
0x0000000065610000 - 0x000000006561f000 	C:\Program Files\Java\jdk1.8.0_162\jre\bin\verify.dll
0x00000000655e0000 - 0x0000000065609000 	C:\Program Files\Java\jdk1.8.0_162\jre\bin\java.dll
0x00000000655c0000 - 0x00000000655d6000 	C:\Program Files\Java\jdk1.8.0_162\jre\bin\zip.dll
0x00007ff96df60000 - 0x00007ff96f4bc000 	C:\Windows\system32\SHELL32.dll
0x00007ff96c1e0000 - 0x00007ff96c824000 	C:\Windows\system32\windows.storage.dll
0x00007ff96de80000 - 0x00007ff96ded2000 	C:\Windows\system32\shlwapi.dll
0x00007ff96bb10000 - 0x00007ff96bb1f000 	C:\Windows\system32\kernel.appcore.dll
0x00007ff96c040000 - 0x00007ff96c0f5000 	C:\Windows\system32\shcore.dll
0x00007ff96bb20000 - 0x00007ff96bb6b000 	C:\Windows\system32\powrprof.dll
0x00007ff96baf0000 - 0x00007ff96bb04000 	C:\Windows\system32\profapi.dll
0x00000000655a0000 - 0x00000000655ba000 	C:\Program Files\Java\jdk1.8.0_162\jre\bin\net.dll
0x00007ff96b3b0000 - 0x00007ff96b40c000 	C:\Windows\system32\mswsock.dll
0x0000000065580000 - 0x0000000065591000 	C:\Program Files\Java\jdk1.8.0_162\jre\bin\nio.dll
0x00007ff964900000 - 0x00007ff96495b000 	C:\Users\HEN0017\AppData\Local\Temp\lwjglHEN0017\3.1.6-SNAPSHOT\lwjgl.dll
0x00007ff9648a0000 - 0x00007ff9648f1000 	C:\Users\HEN0017\AppData\Local\Temp\lwjglHEN0017\3.1.6-SNAPSHOT\glfw.dll
0x00007ff96a2b0000 - 0x00007ff96a346000 	C:\Windows\system32\uxtheme.dll
0x00007ff964850000 - 0x00007ff964891000 	C:\Windows\SYSTEM32\dinput8.dll
0x00007ff968380000 - 0x00007ff96838e000 	C:\Windows\SYSTEM32\xinput1_4.dll
0x00007ff96a400000 - 0x00007ff96a427000 	C:\Windows\SYSTEM32\DEVOBJ.dll
0x00007ff969ab0000 - 0x00007ff969ad2000 	C:\Windows\SYSTEM32\dwmapi.dll
0x00007ff96d3d0000 - 0x00007ff96d52a000 	C:\Windows\system32\MSCTF.dll
0x00007ff96a920000 - 0x00007ff96a92c000 	C:\Windows\SYSTEM32\HID.DLL
0x00007ff96d8f0000 - 0x00007ff96dd19000 	C:\Windows\system32\SETUPAPI.DLL
0x00007ff96bb70000 - 0x00007ff96bbc5000 	C:\Windows\system32\WINTRUST.dll
0x00007ff96bae0000 - 0x00007ff96baf0000 	C:\Windows\system32\MSASN1.dll
0x00007ff96bc80000 - 0x00007ff96be48000 	C:\Windows\system32\CRYPT32.dll
0x00007ff942260000 - 0x00007ff942389000 	C:\Windows\SYSTEM32\opengl32.dll
0x00007ff9426d0000 - 0x00007ff9426fe000 	C:\Windows\SYSTEM32\GLU32.dll
0x00007ff941f70000 - 0x00007ff94206a000 	C:\Windows\SYSTEM32\DDRAW.dll
0x00007ff9426c0000 - 0x00007ff9426c8000 	C:\Windows\SYSTEM32\DCIMAN32.dll
0x00007ff928c40000 - 0x00007ff929932000 	C:\Windows\SYSTEM32\ig9icd64.dll
0x00007ff965980000 - 0x00007ff9667ec000 	C:\Windows\SYSTEM32\igc64.dll
0x00007ff96a030000 - 0x00007ff96a043000 	C:\Windows\SYSTEM32\WTSAPI32.dll
0x00007ff9647f0000 - 0x00007ff96484f000 	C:\Users\HEN0017\AppData\Local\Temp\lwjglHEN0017\3.1.6-SNAPSHOT\lwjgl_opengl.dll
0x00007ff964770000 - 0x00007ff9647ee000 	C:\Users\HEN0017\AppData\Local\Temp\lwjglHEN0017\3.1.6-SNAPSHOT\lwjgl_stb.dll
0x00007ff963950000 - 0x00007ff9639e1000 	C:\Windows\SYSTEM32\mscms.dll
0x00007ff96b240000 - 0x00007ff96b25f000 	C:\Windows\SYSTEM32\USERENV.dll
0x00007ff964720000 - 0x00007ff964762000 	C:\Windows\SYSTEM32\icm32.dll
0x00007ff964630000 - 0x00007ff964720000 	C:\Users\HEN0017\AppData\Local\Temp\lwjglHEN0017\3.1.6-SNAPSHOT\OpenAL.dll
0x00007ff96dd30000 - 0x00007ff96de73000 	C:\Windows\system32\ole32.dll
0x00007ff96d530000 - 0x00007ff96d5d7000 	C:\Windows\system32\clbcatq.dll
0x00007ff967570000 - 0x00007ff9675e0000 	C:\Windows\System32\MMDevApi.dll
0x00007ff9687c0000 - 0x00007ff968946000 	C:\Windows\System32\PROPSYS.dll
0x00007ff96d820000 - 0x00007ff96d8e6000 	C:\Windows\system32\OLEAUT32.dll
0x00007ff95e410000 - 0x00007ff95e498000 	C:\Windows\SYSTEM32\AUDIOSES.DLL
0x00007ff9612e0000 - 0x00007ff961416000 	C:\Windows\SYSTEM32\wintypes.dll
0x0000000065540000 - 0x0000000065564000 	C:\Program Files\Java\jdk1.8.0_162\jre\bin\sunec.dll
0x00007ff968aa0000 - 0x00007ff968ad8000 	C:\Windows\SYSTEM32\IPHLPAPI.DLL
0x00007ff96dd20000 - 0x00007ff96dd28000 	C:\Windows\system32\NSI.dll
0x00007ff967f30000 - 0x00007ff967f46000 	C:\Windows\SYSTEM32\dhcpcsvc6.DLL
0x00007ff967e00000 - 0x00007ff967e1a000 	C:\Windows\SYSTEM32\dhcpcsvc.DLL
0x00007ff96b460000 - 0x00007ff96b477000 	C:\Windows\SYSTEM32\CRYPTSP.dll
0x00007ff96b0f0000 - 0x00007ff96b124000 	C:\Windows\system32\rsaenh.dll
0x00007ff96ba10000 - 0x00007ff96ba39000 	C:\Windows\SYSTEM32\bcrypt.dll
0x00007ff96b580000 - 0x00007ff96b58b000 	C:\Windows\SYSTEM32\CRYPTBASE.dll
0x000000006f460000 - 0x000000006f46b000 	C:\Program Files\Java\jdk1.8.0_162\jre\bin\sunmscapi.dll
0x00007ff96a350000 - 0x00007ff96a3fa000 	C:\Windows\SYSTEM32\DNSAPI.dll
0x00007ff9617f0000 - 0x00007ff9617fa000 	C:\Windows\System32\rasadhlp.dll
0x00007ff968430000 - 0x00007ff968497000 	C:\Windows\System32\fwpuclnt.dll
0x00007ff96b5c0000 - 0x00007ff96b616000 	C:\Windows\SYSTEM32\WINSTA.dll
0x00007ff95d510000 - 0x00007ff95d69c000 	C:\Windows\SYSTEM32\dbghelp.dll

VM Arguments:
jvm_args: -Dfile.encoding=windows-1252 -Duser.country=US -Duser.language=en -Duser.variant 
java_command: de.ellpeck.rockbottom.Main --unpackedModsDir ./build/classes/main
java_class_path (initial): C:\Users\HEN0017\Documents\Modding\RockSolid\build\classes\main;C:\Users\HEN0017\Documents\Modding\RockSolid\build\resources\main;C:\Users\HEN0017\Documents\Modding\RockSolid\gamedata\RockBottom-0.2.1-all.jar;C:\Users\HEN0017\.gradle\caches\modules-2\files-2.1\de.ellpeck.rockbottom\RockBottomAPI\0.2.6-458\bee9ff1e75635df783cace221944e1a392f12396\RockBottomAPI-0.2.6-458.jar;C:\Users\HEN0017\.gradle\caches\modules-2\files-2.1\org.lwjgl\lwjgl\3.1.6\75a08ab96db25e3dd05a127e69e314deb0c13161\lwjgl-3.1.6.jar;C:\Users\HEN0017\.gradle\caches\modules-2\files-2.1\org.lwjgl\lwjgl\3.1.6\52eca3486b0c022e68a32e054ae93ea001ec5b0f\lwjgl-3.1.6-natives-linux.jar;C:\Users\HEN0017\.gradle\caches\modules-2\files-2.1\org.lwjgl\lwjgl-assimp\3.1.6\11420947d50dbfd70cb942a1e768a6f0b0336a95\lwjgl-assimp-3.1.6.jar;C:\Users\HEN0017\.gradle\caches\modules-2\files-2.1\org.lwjgl\lwjgl-assimp\3.1.6\4163502afa74732f0e5d3d5177f494660c12aa41\lwjgl-assimp-3.1.6-natives-linux.jar;C:\Users\HEN0017\.gradle\caches\modules-2\files-2.1\org.lwjgl\lwjgl-glfw\3.1.6\7fe6af9a51891c9d22ee93c4241c237b4f3a5151\lwjgl-glfw-3.1.6.jar;C:\Users\HEN0017\.gradle\caches\modules-2\files-2.1\org.lwjgl\lwjgl-glfw\3.1.6\735c865f3ad9c064569e0e0083570e47c4814f02\lwjgl-glfw-3.1.6-natives-linux.jar;C:\Users\HEN0017\.gradle\caches\modules-2\files-2.1\org.lwjgl\lwjgl-openal\3.1.6\c03253f13fff766ec3fc2e8d0924964d0f09e886\lwjgl-openal-3.1.6.jar;C:\Users\HEN0017\.gradle\caches\modules-2\files-2.1\org.lwjgl\lwjgl-openal\3.1.6\aa892685b3cb606c256bfec5e359e58a15911c06\lwjgl-openal-3.1.6-natives-linux.jar;C:\Users\HEN0017\.gradle\caches\modules-2\files-2.1\org.lwjgl\lwjgl-opengl\3.1.6\964a2332ab3b396bcf67f12b8b93d39c79c978c2\lwjgl-opengl-3.1.6.jar;C:\Users\HEN0017\.gradle\caches\modules-2\files-2.1\org.lwjgl\lwjgl-opengl\3.1.6\ab462db70f7ea7de1b6a492eeb04ba0f08a80c0e\lwjgl-opengl-3.1.6-natives-linux.jar;C:\Users\HEN0017\.gradle\caches\modules-2\files-2.1\org.lwjgl\lwjgl-stb\3.1.6\41e958545f64db9d46ab8e616c3020929
Launcher Type: SUN_STANDARD

Environment Variables:
JAVA_HOME=C:\Program Files\Java\jdk1.8.0_162
CLASSPATH=C:\Users\HEN0017\Documents\Modding\RockSolid\\gradle\wrapper\gradle-wrapper.jar
PATH=C:\ProgramData\Oracle\Java\javapath;C:\Program Files\Dell\DW WLAN Card;C:\Program Files (x86)\Intel\iCLS Client\;C:\Program Files\Intel\iCLS Client\;C:\Windows\system32;C:\Windows;C:\Windows\System32\Wbem;C:\Windows\System32\WindowsPowerShell\v1.0\;C:\Program Files (x86)\Intel\Intel(R) Management Engine Components\DAL;C:\Program Files\Intel\Intel(R) Management Engine Components\DAL;C:\Program Files (x86)\Intel\Intel(R) Management Engine Components\IPT;C:\Program Files\Intel\Intel(R) Management Engine Components\IPT;C:\Program Files\WIDCOMM\Bluetooth Software\;C:\Program Files\WIDCOMM\Bluetooth Software\syswow64;C:\Program Files (x86)\NVIDIA Corporation\PhysX\Common;C:\Program Files\Git\cmd;C:\Program Files (x86)\GtkSharp\2.12\bin;C:\Program Files (x86)\PuTTY\;C:\Program Files (x86)\Skype\Phone\;C:\Program Files\dotnet\;C:\Program Files (x86)\OpenVPN\bin;C:\Program Files\Java\jdk1.8.0_112\bin;C:\Program Files (x86)\Microsoft VS Code\bin
USERNAME=HEN0017
OS=Windows_NT
PROCESSOR_IDENTIFIER=Intel64 Family 6 Model 94 Stepping 3, GenuineIntel



---------------  S Y S T E M  ---------------

OS: Windows 10.0 , 64 bit Build 10586 (10.0.10586.589)

CPU:total 8 (initial active 8) (4 cores per cpu, 2 threads per core) family 6 model 94 stepping 3, cmov, cx8, fxsr, mmx, sse, sse2, sse3, ssse3, sse4.1, sse4.2, popcnt, avx, avx2, aes, clmul, erms, rtm, 3dnowpref, lzcnt, ht, tsc, tscinvbit, bmi1, bmi2, adx

Memory: 4k page, physical 16597996k(9509400k free), swap 19350508k(10253336k free)

vm_info: Java HotSpot(TM) 64-Bit Server VM (25.162-b12) for windows-amd64 JRE (1.8.0_162-b12), built on Dec 19 2017 20:00:03 by "java_re" with MS VC++ 10.0 (VS2010)

time: Sat Feb 10 22:29:20 2018
elapsed time: 82 seconds (0d 0h 1m 22s)

